<?xml version="1.0" encoding="UTF-8"?>
<!-- Generated by org.testng.reporters.JUnitXMLReporter -->
<testsuite hostname="LAPTOP-FET714UI" ignored="0" name="Exisiting and New User Login" tests="2" failures="0" timestamp="2021-04-13T12:00:10 IST" time="61.4" errors="0">
  <testcase name="MultiLoginAction" time="42.114" classname="testCases.multipleLogin_TestCases"/>
  <testcase name="MultiLoginAction" time="19.238" classname="testCases.multipleLogin_TestCases"/>
</testsuite> <!-- Exisiting and New User Login -->
