<?xml version="1.0" encoding="UTF-8"?>
<!-- Generated by org.testng.reporters.JUnitXMLReporter -->
<testsuite hostname="LAPTOP-FET714UI" ignored="0" name="Exsisiting and New User Login" tests="2" failures="2" timestamp="2021-04-13T11:53:18 IST" time="0.092" errors="0">
  <testcase name="MultiLoginAction" time="0.013" classname="testCases.multipleLogin_TestCases">
    <failure type="java.io.FileNotFoundException" message="C:\Users\rshiv\RB\RummyBazziProject\src\main\java\resources\data.properties (The system cannot find the path specified)">
      <![CDATA[java.io.FileNotFoundException: C:\Users\rshiv\RB\RummyBazziProject\src\main\java\resources\data.properties (The system cannot find the path specified)
at java.io.FileInputStream.open0(Native Method)
at java.io.FileInputStream.open(FileInputStream.java:195)
at java.io.FileInputStream.<init>(FileInputStream.java:138)
at java.io.FileInputStream.<init>(FileInputStream.java:93)
at resources.base.intializeDriver(base.java:27)
at testCases.multipleLogin_TestCases.MultiLoginAction(multipleLogin_TestCases.java:49)
at java.util.ArrayList.forEach(ArrayList.java:1259)
at java.util.concurrent.FutureTask.run(FutureTask.java:266)
at java.util.concurrent.ThreadPoolExecutor.runWorker(ThreadPoolExecutor.java:1149)
at java.util.concurrent.ThreadPoolExecutor$Worker.run(ThreadPoolExecutor.java:624)
at java.lang.Thread.run(Thread.java:748)
... Removed 18 stack frames]]>
    </failure>
  </testcase> <!-- MultiLoginAction -->
  <testcase name="MultiLoginAction" time="0.056" classname="testCases.multipleLogin_TestCases">
    <failure type="java.lang.NullPointerException">
      <![CDATA[java.lang.NullPointerException
at resources.base.getSceenShotPath(base.java:59)
at listenersBase.listeners.onTestFailure(listeners.java:54)
at java.util.ArrayList.forEach(ArrayList.java:1259)
at java.util.concurrent.FutureTask.run(FutureTask.java:266)
at java.util.concurrent.ThreadPoolExecutor.runWorker(ThreadPoolExecutor.java:1149)
at java.util.concurrent.ThreadPoolExecutor$Worker.run(ThreadPoolExecutor.java:624)
at java.lang.Thread.run(Thread.java:748)
... Removed 15 stack frames]]>
    </failure>
  </testcase> <!-- MultiLoginAction -->
</testsuite> <!-- Exsisiting and New User Login -->
