<?xml version="1.0" encoding="UTF-8"?>
<testng-results ignored="0" total="1" passed="1" failed="0" skipped="0">
  <reporter-output>
    <line>
      <![CDATA[RummyBaazi Site Opens]]>
    </line>
  </reporter-output>
  <suite started-at="2021-05-17T13:15:48 IST" name="Default suite" finished-at="2021-05-17T13:16:13 IST" duration-ms="24914">
    <groups>
    </groups>
    <test started-at="2021-05-17T13:15:48 IST" name="Default test" finished-at="2021-05-17T13:16:13 IST" duration-ms="24914">
      <class name="com.testCases.login_TestCases">
        <test-method signature="Login()[pri:0, instance:com.testCases.login_TestCases@52c3cb31]" started-at="2021-05-17T13:15:48 IST" name="Login" finished-at="2021-05-17T13:16:13 IST" duration-ms="24855" status="PASS">
          <reporter-output>
            <line>
              <![CDATA[RummyBaazi Site Opens]]>
            </line>
          </reporter-output>
        </test-method> <!-- Login -->
        <test-method is-config="true" signature="after()[pri:0, instance:com.testCases.login_TestCases@52c3cb31]" started-at="2021-05-17T13:16:13 IST" name="after" finished-at="2021-05-17T13:16:13 IST" duration-ms="1" status="PASS">
          <reporter-output>
          </reporter-output>
        </test-method> <!-- after -->
      </class> <!-- com.testCases.login_TestCases -->
    </test> <!-- Default test -->
  </suite> <!-- Default suite -->
</testng-results>
